#
# There is insufficient memory for the Java Runtime Environment to continue.
# Native memory allocation (malloc) failed to allocate 745200 bytes. Error detail: Chunk::new
# Possible reasons:
#   The system is out of physical RAM or swap space
#   This process is running with CompressedOops enabled, and the Java Heap may be blocking the growth of the native heap
# Possible solutions:
#   Reduce memory load on the system
#   Increase physical memory or swap space
#   Check if swap backing store is full
#   Decrease Java heap size (-Xmx/-Xms)
#   Decrease number of Java threads
#   Decrease Java thread stack sizes (-Xss)
#   Set larger code cache with -XX:ReservedCodeCacheSize=
#   JVM is running with Unscaled Compressed Oops mode in which the Java heap is
#     placed in the first 4GB address space. The Java Heap base address is the
#     maximum limit for the native heap growth. Please use -XX:HeapBaseMinAddress
#     to set the Java Heap base and to place the Java Heap above 4GB virtual address.
# This output file may be truncated or incomplete.
#
#  Out of Memory Error (arena.cpp:168), pid=7636, tid=14224
#
# JRE version: OpenJDK Runtime Environment (21.0.8) (build 21.0.8+-14018985-b1038.68)
# Java VM: OpenJDK 64-Bit Server VM (21.0.8+-14018985-b1038.68, mixed mode, tiered, compressed oops, compressed class ptrs, parallel gc, windows-amd64)
# No core dump will be written. Minidumps are not enabled by default on client versions of Windows
#

---------------  S U M M A R Y ------------

Command Line: --add-modules=ALL-SYSTEM --add-opens=java.base/java.util=ALL-UNNAMED --add-opens=java.base/java.lang=ALL-UNNAMED --add-opens=java.base/sun.nio.fs=ALL-UNNAMED -Declipse.application=org.eclipse.jdt.ls.core.id1 -Dosgi.bundles.defaultStartLevel=4 -Declipse.product=org.eclipse.jdt.ls.core.product -Djava.import.generatesMetadataFilesAtProjectRoot=false -DDetectVMInstallationsJob.disabled=true -Dfile.encoding=utf8 -XX:+UseParallelGC -XX:GCTimeRatio=4 -XX:AdaptiveSizePolicyWeight=90 -Dsun.zip.disableMemoryMapping=true -Xmx2G -Xms100m -Xlog:disable -javaagent:c:\Users\Emmanuela\.vscode\extensions\redhat.java-1.50.0\lombok\lombok-1.18.39-4050.jar -XX:+HeapDumpOnOutOfMemoryError -XX:HeapDumpPath=c:\Users\Emmanuela\AppData\Roaming\Code\User\workspaceStorage\5688f853618fed6b6b73b3bdb5c69d10\redhat.java -Daether.dependencyCollector.impl=bf c:\Users\Emmanuela\.vscode\extensions\redhat.java-1.50.0\server\plugins\org.eclipse.equinox.launcher_1.7.100.v20251111-0406.jar -configuration c:\Users\Emmanuela\AppData\Roaming\Code\User\globalStorage\redhat.java\1.50.0\config_win -data c:\Users\Emmanuela\AppData\Roaming\Code\User\workspaceStorage\5688f853618fed6b6b73b3bdb5c69d10\redhat.java\jdt_ws --pipe=\\.\pipe\lsp-1ec27b96048c3ac4090c205eef9fcbe6-sock

Host: Intel(R) Core(TM) i5-6200U CPU @ 2.30GHz, 4 cores, 7G,  Windows 11 , 64 bit Build 22000 (10.0.22000.2538)
Time: Fri Dec 12 12:33:22 2025 E. Africa Standard Time elapsed time: 56.648356 seconds (0d 0h 0m 56s)

---------------  T H R E A D  ---------------

Current thread (0x0000023f30f6e8f0):  JavaThread "C2 CompilerThread0" daemon [_thread_in_native, id=14224, stack(0x000000e8cbe00000,0x000000e8cbf00000) (1024K)]


Current CompileTask:
C2:56648 10957   !   4       com.sun.crypto.provider.GaloisCounterMode$GCMDecrypt::doFinal (628 bytes)

Stack: [0x000000e8cbe00000,0x000000e8cbf00000]
Native frames: (J=compiled Java code, j=interpreted, Vv=VM code, C=native code)
V  [jvm.dll+0x6d68d9]
V  [jvm.dll+0x866693]
V  [jvm.dll+0x868c4e]
V  [jvm.dll+0x869333]
V  [jvm.dll+0x280566]
V  [jvm.dll+0xc07cd]
V  [jvm.dll+0xc0d03]
V  [jvm.dll+0x3b961b]
V  [jvm.dll+0x1dfd12]
V  [jvm.dll+0x2493a4]
V  [jvm.dll+0x248821]
V  [jvm.dll+0x1c73a4]
V  [jvm.dll+0x257f9e]
V  [jvm.dll+0x2564e6]
V  [jvm.dll+0x3f4696]
V  [jvm.dll+0x80eac8]
V  [jvm.dll+0x6d512d]
C  [ucrtbase.dll+0x26c0c]
C  [KERNEL32.DLL+0x153e0]
C  [ntdll.dll+0x485b]


---------------  P R O C E S S  ---------------

Threads class SMR info:
_java_thread_list=0x0000023f4e029590, length=39, elements={
0x0000023f30fa7fb0, 0x0000023f30f48150, 0x0000023f30f4bd20, 0x0000023f30f4d4b0,
0x0000023f30f6a020, 0x0000023f30f6a690, 0x0000023f30f6b0f0, 0x0000023f30f6bb50,
0x0000023f30f6e8f0, 0x0000023f4c6de310, 0x0000023f4c9f40c0, 0x0000023f4d493210,
0x0000023f4cfe8a30, 0x0000023f4d437870, 0x0000023f4d53f300, 0x0000023f4da81e60,
0x0000023f4da817d0, 0x0000023f4da7fd90, 0x0000023f4da80ab0, 0x0000023f4da824f0,
0x0000023f4da7f070, 0x0000023f4da7f700, 0x0000023f4da80420, 0x0000023f4e25bb80,
0x0000023f4e257350, 0x0000023f4e25b4f0, 0x0000023f4e25c210, 0x0000023f4e255280,
0x0000023f4e258700, 0x0000023f4e259420, 0x0000023f4e25a140, 0x0000023f4e25ae60,
0x0000023f4e25c8a0, 0x0000023f4e256cc0, 0x0000023f4eae44a0, 0x0000023f4eae2a60,
0x0000023f4eae3780, 0x0000023f4eae4b30, 0x0000023f4eae16b0
}

Java Threads: ( => current thread )
  0x0000023f30fa7fb0 JavaThread "main"                              [_thread_blocked, id=12044, stack(0x000000e8cb300000,0x000000e8cb400000) (1024K)]
  0x0000023f30f48150 JavaThread "Common-Cleaner"             daemon [_thread_blocked, id=11964, stack(0x000000e8cb700000,0x000000e8cb800000) (1024K)]
  0x0000023f30f4bd20 JavaThread "Reference Handler"          daemon [_thread_blocked, id=28024, stack(0x000000e8cb800000,0x000000e8cb900000) (1024K)]
  0x0000023f30f4d4b0 JavaThread "Finalizer"                  daemon [_thread_blocked, id=7188, stack(0x000000e8cb900000,0x000000e8cba00000) (1024K)]
  0x0000023f30f6a020 JavaThread "Signal Dispatcher"          daemon [_thread_blocked, id=21720, stack(0x000000e8cba00000,0x000000e8cbb00000) (1024K)]
  0x0000023f30f6a690 JavaThread "Attach Listener"            daemon [_thread_blocked, id=13392, stack(0x000000e8cbb00000,0x000000e8cbc00000) (1024K)]
  0x0000023f30f6b0f0 JavaThread "Service Thread"             daemon [_thread_blocked, id=8636, stack(0x000000e8cbc00000,0x000000e8cbd00000) (1024K)]
  0x0000023f30f6bb50 JavaThread "Monitor Deflation Thread"   daemon [_thread_blocked, id=14852, stack(0x000000e8cbd00000,0x000000e8cbe00000) (1024K)]
=>0x0000023f30f6e8f0 JavaThread "C2 CompilerThread0"         daemon [_thread_in_native, id=14224, stack(0x000000e8cbe00000,0x000000e8cbf00000) (1024K)]
  0x0000023f4c6de310 JavaThread "C1 CompilerThread0"         daemon [_thread_blocked, id=29208, stack(0x000000e8cbf00000,0x000000e8cc000000) (1024K)]
  0x0000023f4c9f40c0 JavaThread "Notification Thread"        daemon [_thread_blocked, id=9300, stack(0x000000e8cc000000,0x000000e8cc100000) (1024K)]
  0x0000023f4d493210 JavaThread "Active Thread: Equinox Container: a957c59c-8ebe-4e59-b29b-17accd7354f6"        [_thread_blocked, id=8924, stack(0x000000e8cc800000,0x000000e8cc900000) (1024K)]
  0x0000023f4cfe8a30 JavaThread "Framework Event Dispatcher: Equinox Container: a957c59c-8ebe-4e59-b29b-17accd7354f6" daemon [_thread_blocked, id=31532, stack(0x000000e8cc900000,0x000000e8cca00000) (1024K)]
  0x0000023f4d437870 JavaThread "Start Level: Equinox Container: a957c59c-8ebe-4e59-b29b-17accd7354f6" daemon [_thread_blocked, id=3488, stack(0x000000e8cca00000,0x000000e8ccb00000) (1024K)]
  0x0000023f4d53f300 JavaThread "Refresh Thread: Equinox Container: a957c59c-8ebe-4e59-b29b-17accd7354f6" daemon [_thread_blocked, id=25828, stack(0x000000e8ccb00000,0x000000e8ccc00000) (1024K)]
  0x0000023f4da81e60 JavaThread "Bundle File Closer"         daemon [_thread_blocked, id=16296, stack(0x000000e8ccc00000,0x000000e8ccd00000) (1024K)]
  0x0000023f4da817d0 JavaThread "SCR Component Actor"        daemon [_thread_blocked, id=20964, stack(0x000000e8ccd00000,0x000000e8cce00000) (1024K)]
  0x0000023f4da7fd90 JavaThread "Worker-JM"                         [_thread_blocked, id=30120, stack(0x000000e8cce00000,0x000000e8ccf00000) (1024K)]
  0x0000023f4da80ab0 JavaThread "Worker-0: Initialize Workspace"        [_thread_blocked, id=4320, stack(0x000000e8ccf00000,0x000000e8cd000000) (1024K)]
  0x0000023f4da824f0 JavaThread "Worker-1"                          [_thread_blocked, id=30452, stack(0x000000e8cd000000,0x000000e8cd100000) (1024K)]
  0x0000023f4da7f070 JavaThread "Worker-2"                          [_thread_blocked, id=7608, stack(0x000000e8cd100000,0x000000e8cd200000) (1024K)]
  0x0000023f4da7f700 JavaThread "Worker-3"                          [_thread_blocked, id=30348, stack(0x000000e8cd200000,0x000000e8cd300000) (1024K)]
  0x0000023f4da80420 JavaThread "Java indexing"              daemon [_thread_blocked, id=948, stack(0x000000e8cd300000,0x000000e8cd400000) (1024K)]
  0x0000023f4e25bb80 JavaThread "JNA Cleaner"                daemon [_thread_blocked, id=26632, stack(0x000000e8cd400000,0x000000e8cd500000) (1024K)]
  0x0000023f4e257350 JavaThread "Worker-4"                          [_thread_blocked, id=30664, stack(0x000000e8cd700000,0x000000e8cd800000) (1024K)]
  0x0000023f4e25b4f0 JavaThread "Worker-5"                          [_thread_blocked, id=27428, stack(0x000000e8cd800000,0x000000e8cd900000) (1024K)]
  0x0000023f4e25c210 JavaThread "Thread-1"                   daemon [_thread_in_native, id=14868, stack(0x000000e8cc700000,0x000000e8cc800000) (1024K)]
  0x0000023f4e255280 JavaThread "Thread-2"                   daemon [_thread_in_native, id=13776, stack(0x000000e8cd900000,0x000000e8cda00000) (1024K)]
  0x0000023f4e258700 JavaThread "Thread-3"                   daemon [_thread_in_native, id=21048, stack(0x000000e8cda00000,0x000000e8cdb00000) (1024K)]
  0x0000023f4e259420 JavaThread "Thread-4"                   daemon [_thread_in_native, id=26376, stack(0x000000e8cdb00000,0x000000e8cdc00000) (1024K)]
  0x0000023f4e25a140 JavaThread "Thread-5"                   daemon [_thread_in_native, id=30756, stack(0x000000e8cdc00000,0x000000e8cdd00000) (1024K)]
  0x0000023f4e25ae60 JavaThread "pool-2-thread-1"                   [_thread_blocked, id=15792, stack(0x000000e8cdd00000,0x000000e8cde00000) (1024K)]
  0x0000023f4e25c8a0 JavaThread "WorkspaceEventsHandler"            [_thread_blocked, id=23912, stack(0x000000e8cc400000,0x000000e8cc500000) (1024K)]
  0x0000023f4e256cc0 JavaThread "pool-1-thread-1"                   [_thread_blocked, id=6564, stack(0x000000e8cc500000,0x000000e8cc600000) (1024K)]
  0x0000023f4eae44a0 JavaThread "BasicRepositoryConnector-repo.maven.apache.org-3-0" daemon [_thread_in_native, id=25452, stack(0x000000e8cb000000,0x000000e8cb100000) (1024K)]
  0x0000023f4eae2a60 JavaThread "BasicRepositoryConnector-repo.maven.apache.org-3-1" daemon [_thread_in_native, id=8040, stack(0x000000e8cde00000,0x000000e8cdf00000) (1024K)]
  0x0000023f4eae3780 JavaThread "BasicRepositoryConnector-repo.maven.apache.org-3-2" daemon [_thread_in_native, id=15328, stack(0x000000e8cdf00000,0x000000e8ce000000) (1024K)]
  0x0000023f4eae4b30 JavaThread "BasicRepositoryConnector-repo.maven.apache.org-3-3" daemon [_thread_in_native, id=24808, stack(0x000000e8ce000000,0x000000e8ce100000) (1024K)]
  0x0000023f4eae16b0 JavaThread "BasicRepositoryConnector-repo.maven.apache.org-3-4" daemon [_thread_in_native, id=13764, stack(0x000000e8ce100000,0x000000e8ce200000) (1024K)]
Total: 39

Other Threads:
  0x0000023f30ef9790 VMThread "VM Thread"                           [id=24868, stack(0x000000e8cb600000,0x000000e8cb700000) (1024K)]
  0x0000023f3106f0c0 WatcherThread "VM Periodic Task Thread"        [id=23920, stack(0x000000e8cb500000,0x000000e8cb600000) (1024K)]
  0x0000023f30fc7fd0 WorkerThread "GC Thread#0"                     [id=30256, stack(0x000000e8cb400000,0x000000e8cb500000) (1024K)]
  0x0000023f4d1ce1c0 WorkerThread "GC Thread#1"                     [id=27012, stack(0x000000e8cc100000,0x000000e8cc200000) (1024K)]
  0x0000023f4cdc28a0 WorkerThread "GC Thread#2"                     [id=12544, stack(0x000000e8cc200000,0x000000e8cc300000) (1024K)]
  0x0000023f4ce42840 WorkerThread "GC Thread#3"                     [id=27740, stack(0x000000e8cc300000,0x000000e8cc400000) (1024K)]
Total: 6

Threads with active compile tasks:
C2 CompilerThread0  56692 10957   !   4       com.sun.crypto.provider.GaloisCounterMode$GCMDecrypt::doFinal (628 bytes)
Total: 1

VM state: not at safepoint (normal execution)

VM Mutex/Monitor currently owned by a thread: None

Heap address: 0x0000000080000000, size: 2048 MB, Compressed Oops mode: 32-bit

CDS archive(s) not mapped
Compressed class space mapped at: 0x0000000100000000-0x0000000140000000, reserved size: 1073741824
Narrow klass base: 0x0000000000000000, Narrow klass shift: 3, Narrow klass range: 0x140000000

GC Precious Log:
 CardTable entry size: 512
 CPUs: 4 total, 4 available
 Memory: 8072M
 Large Page Support: Disabled
 NUMA Support: Disabled
 Compressed Oops: Enabled (32-bit)
 Alignments: Space 512K, Generation 512K, Heap 2M
 Heap Min Capacity: 100M
 Heap Initial Capacity: 100M
 Heap Max Capacity: 2G
 Pre-touch: Disabled
 Parallel Workers: 4

Heap:
 PSYoungGen      total 20992K, used 10601K [0x00000000d5580000, 0x00000000d6b00000, 0x0000000100000000)
  eden space 20480K, 51% used [0x00000000d5580000,0x00000000d5fba6e8,0x00000000d6980000)
  from space 512K, 25% used [0x00000000d6a80000,0x00000000d6aa0000,0x00000000d6b00000)
  to   space 512K, 0% used [0x00000000d6a00000,0x00000000d6a00000,0x00000000d6a80000)
 ParOldGen       total 68608K, used 40653K [0x0000000080000000, 0x0000000084300000, 0x00000000d5580000)
  object space 68608K, 59% used [0x0000000080000000,0x00000000827b36e8,0x0000000084300000)
 Metaspace       used 70489K, committed 71616K, reserved 1114112K
  class space    used 7666K, committed 8192K, reserved 1048576K

Card table byte_map: [0x0000023f30960000,0x0000023f30d70000] _byte_map_base: 0x0000023f30560000

Marking Bits: (ParMarkBitMap*) 0x00007ffe23b8d520
 Begin Bits: [0x0000023f433c0000, 0x0000023f453c0000)
 End Bits:   [0x0000023f453c0000, 0x0000023f473c0000)

Polling page: 0x0000023f2edf0000

Metaspace:

Usage:
  Non-class:     61.35 MB used.
      Class:      7.49 MB used.
       Both:     68.84 MB used.

Virtual space:
  Non-class space:       64.00 MB reserved,      61.94 MB ( 97%) committed,  1 nodes.
      Class space:        1.00 GB reserved,       8.00 MB ( <1%) committed,  1 nodes.
             Both:        1.06 GB reserved,      69.94 MB (  6%) committed. 

Chunk freelists:
   Non-Class:  1.78 MB
       Class:  7.85 MB
        Both:  9.63 MB

MaxMetaspaceSize: unlimited
CompressedClassSpaceSize: 1.00 GB
Initial GC threshold: 21.00 MB
Current GC threshold: 97.31 MB
CDS: off
 - commit_granule_bytes: 65536.
 - commit_granule_words: 8192.
 - virtual_space_node_default_size: 8388608.
 - enlarge_chunks_in_place: 1.
 - use_allocation_guard: 0.


Internal statistics:

num_allocs_failed_limit: 9.
num_arena_births: 824.
num_arena_deaths: 16.
num_vsnodes_births: 2.
num_vsnodes_deaths: 0.
num_space_committed: 1119.
num_space_uncommitted: 0.
num_chunks_returned_to_freelist: 26.
num_chunks_taken_from_freelist: 3320.
num_chunk_merges: 10.
num_chunk_splits: 2074.
num_chunks_enlarged: 1251.
num_inconsistent_stats: 0.

CodeHeap 'non-profiled nmethods': size=120000Kb used=5491Kb max_used=5491Kb free=114508Kb
 bounds [0x0000023f3bbe0000, 0x0000023f3c140000, 0x0000023f43110000]
CodeHeap 'profiled nmethods': size=120000Kb used=22245Kb max_used=22245Kb free=97755Kb
 bounds [0x0000023f34110000, 0x0000023f356d0000, 0x0000023f3b640000]
CodeHeap 'non-nmethods': size=5760Kb used=1388Kb max_used=1470Kb free=4371Kb
 bounds [0x0000023f3b640000, 0x0000023f3b8b0000, 0x0000023f3bbe0000]
CodeCache: size=245760Kb, used=29124Kb, max_used=29206Kb, free=216634Kb
 total_blobs=11020, nmethods=10305, adapters=621, full_count=0
Compilation: enabled, stopped_count=0, restarted_count=0

Compilation events (20 events):
Event: 56.217 Thread 0x0000023f4c6de310 nmethod 10950 0x0000023f356bbb10 code [0x0000023f356bbcc0, 0x0000023f356bbe00]
Event: 56.217 Thread 0x0000023f4c6de310 10951       3       org.eclipse.lsp4j.jsonrpc.messages.Message::<init> (11 bytes)
Event: 56.218 Thread 0x0000023f4c6de310 nmethod 10951 0x0000023f356bbf10 code [0x0000023f356bc0c0, 0x0000023f356bc248]
Event: 56.218 Thread 0x0000023f4c6de310 10952       3       org.eclipse.jdt.ls.core.internal.ParentProcessWatcher$$Lambda/0x00000001006024c8::consume (13 bytes)
Event: 56.218 Thread 0x0000023f4c6de310 nmethod 10952 0x0000023f356bc310 code [0x0000023f356bc4c0, 0x0000023f356bc750]
Event: 56.218 Thread 0x0000023f4c6de310 10953       3       org.eclipse.jdt.ls.core.internal.ParentProcessWatcher::lambda$1 (15 bytes)
Event: 56.218 Thread 0x0000023f4c6de310 nmethod 10953 0x0000023f356bc890 code [0x0000023f356bca40, 0x0000023f356bcc68]
Event: 56.493 Thread 0x0000023f4c6de310 10954       3       org.apache.http.impl.client.DefaultClientConnectionReuseStrategy::keepAlive (92 bytes)
Event: 56.496 Thread 0x0000023f4c6de310 nmethod 10954 0x0000023f356bcd90 code [0x0000023f356bd040, 0x0000023f356bdc90]
Event: 56.496 Thread 0x0000023f4c6de310 10956   !   3       org.apache.http.impl.DefaultConnectionReuseStrategy::keepAlive (400 bytes)
Event: 56.502 Thread 0x0000023f4c6de310 nmethod 10956 0x0000023f356be090 code [0x0000023f356be6e0, 0x0000023f356c1508]
Event: 56.502 Thread 0x0000023f4c6de310 10955       3       org.apache.http.message.BasicHeaderIterator::nextHeader (35 bytes)
Event: 56.503 Thread 0x0000023f4c6de310 nmethod 10955 0x0000023f356c2510 code [0x0000023f356c26e0, 0x0000023f356c2988]
Event: 56.552 Thread 0x0000023f30f6e8f0 10957   !   4       com.sun.crypto.provider.GaloisCounterMode$GCMDecrypt::doFinal (628 bytes)
Event: 56.553 Thread 0x0000023f4c6de310 10958       3       org.apache.http.impl.client.DefaultUserTokenHandler::getUserToken (95 bytes)
Event: 56.555 Thread 0x0000023f4c6de310 nmethod 10958 0x0000023f356c2b10 code [0x0000023f356c2f00, 0x0000023f356c4de0]
Event: 56.555 Thread 0x0000023f4c6de310 10959       3       org.apache.http.impl.execchain.HttpResponseProxy::<init> (20 bytes)
Event: 56.555 Thread 0x0000023f4c6de310 nmethod 10959 0x0000023f356c5690 code [0x0000023f356c5840, 0x0000023f356c5a08]
Event: 56.555 Thread 0x0000023f4c6de310 10960       3       org.apache.http.client.protocol.ResponseProcessCookies::process (143 bytes)
Event: 56.557 Thread 0x0000023f4c6de310 nmethod 10960 0x0000023f356c5b10 code [0x0000023f356c6020, 0x0000023f356c87f0]

GC Heap History (20 events):
Event: 42.450 GC heap before
{Heap before GC invocations=34 (full 3):
 PSYoungGen      total 22016K, used 22000K [0x00000000d5580000, 0x00000000d6e00000, 0x0000000100000000)
  eden space 20992K, 100% used [0x00000000d5580000,0x00000000d6a00000,0x00000000d6a00000)
  from space 1024K, 98% used [0x00000000d6c00000,0x00000000d6cfc030,0x00000000d6d00000)
  to   space 2048K, 0% used [0x00000000d6a00000,0x00000000d6a00000,0x00000000d6c00000)
 ParOldGen       total 68608K, used 35186K [0x0000000080000000, 0x0000000084300000, 0x00000000d5580000)
  object space 68608K, 51% used [0x0000000080000000,0x000000008225c8f0,0x0000000084300000)
 Metaspace       used 68910K, committed 70016K, reserved 1114112K
  class space    used 7575K, committed 8064K, reserved 1048576K
}
Event: 42.452 GC heap after
{Heap after GC invocations=34 (full 3):
 PSYoungGen      total 22016K, used 864K [0x00000000d5580000, 0x00000000d6d00000, 0x0000000100000000)
  eden space 20992K, 0% used [0x00000000d5580000,0x00000000d5580000,0x00000000d6a00000)
  from space 1024K, 84% used [0x00000000d6a00000,0x00000000d6ad8010,0x00000000d6b00000)
  to   space 1536K, 0% used [0x00000000d6b80000,0x00000000d6b80000,0x00000000d6d00000)
 ParOldGen       total 68608K, used 35866K [0x0000000080000000, 0x0000000084300000, 0x00000000d5580000)
  object space 68608K, 52% used [0x0000000080000000,0x00000000823069d0,0x0000000084300000)
 Metaspace       used 68910K, committed 70016K, reserved 1114112K
  class space    used 7575K, committed 8064K, reserved 1048576K
}
Event: 42.970 GC heap before
{Heap before GC invocations=35 (full 3):
 PSYoungGen      total 22016K, used 21856K [0x00000000d5580000, 0x00000000d6d00000, 0x0000000100000000)
  eden space 20992K, 100% used [0x00000000d5580000,0x00000000d6a00000,0x00000000d6a00000)
  from space 1024K, 84% used [0x00000000d6a00000,0x00000000d6ad8010,0x00000000d6b00000)
  to   space 1536K, 0% used [0x00000000d6b80000,0x00000000d6b80000,0x00000000d6d00000)
 ParOldGen       total 68608K, used 35866K [0x0000000080000000, 0x0000000084300000, 0x00000000d5580000)
  object space 68608K, 52% used [0x0000000080000000,0x00000000823069d0,0x0000000084300000)
 Metaspace       used 68917K, committed 70016K, reserved 1114112K
  class space    used 7576K, committed 8064K, reserved 1048576K
}
Event: 42.972 GC heap after
{Heap after GC invocations=35 (full 3):
 PSYoungGen      total 21504K, used 368K [0x00000000d5580000, 0x00000000d6c00000, 0x0000000100000000)
  eden space 20992K, 0% used [0x00000000d5580000,0x00000000d5580000,0x00000000d6a00000)
  from space 512K, 71% used [0x00000000d6b80000,0x00000000d6bdc078,0x00000000d6c00000)
  to   space 1024K, 0% used [0x00000000d6a00000,0x00000000d6a00000,0x00000000d6b00000)
 ParOldGen       total 68608K, used 36618K [0x0000000080000000, 0x0000000084300000, 0x00000000d5580000)
  object space 68608K, 53% used [0x0000000080000000,0x00000000823c29e0,0x0000000084300000)
 Metaspace       used 68917K, committed 70016K, reserved 1114112K
  class space    used 7576K, committed 8064K, reserved 1048576K
}
Event: 43.360 GC heap before
{Heap before GC invocations=36 (full 3):
 PSYoungGen      total 21504K, used 21345K [0x00000000d5580000, 0x00000000d6c00000, 0x0000000100000000)
  eden space 20992K, 99% used [0x00000000d5580000,0x00000000d69fc4c0,0x00000000d6a00000)
  from space 512K, 71% used [0x00000000d6b80000,0x00000000d6bdc078,0x00000000d6c00000)
  to   space 1024K, 0% used [0x00000000d6a00000,0x00000000d6a00000,0x00000000d6b00000)
 ParOldGen       total 68608K, used 36618K [0x0000000080000000, 0x0000000084300000, 0x00000000d5580000)
  object space 68608K, 53% used [0x0000000080000000,0x00000000823c29e0,0x0000000084300000)
 Metaspace       used 68921K, committed 70016K, reserved 1114112K
  class space    used 7576K, committed 8064K, reserved 1048576K
}
Event: 43.361 GC heap after
{Heap after GC invocations=36 (full 3):
 PSYoungGen      total 22016K, used 144K [0x00000000d5580000, 0x00000000d6c00000, 0x0000000100000000)
  eden space 20992K, 0% used [0x00000000d5580000,0x00000000d5580000,0x00000000d6a00000)
  from space 1024K, 14% used [0x00000000d6a00000,0x00000000d6a24028,0x00000000d6b00000)
  to   space 512K, 0% used [0x00000000d6b80000,0x00000000d6b80000,0x00000000d6c00000)
 ParOldGen       total 68608K, used 36686K [0x0000000080000000, 0x0000000084300000, 0x00000000d5580000)
  object space 68608K, 53% used [0x0000000080000000,0x00000000823d3ae0,0x0000000084300000)
 Metaspace       used 68921K, committed 70016K, reserved 1114112K
  class space    used 7576K, committed 8064K, reserved 1048576K
}
Event: 45.001 GC heap before
{Heap before GC invocations=37 (full 3):
 PSYoungGen      total 22016K, used 21136K [0x00000000d5580000, 0x00000000d6c00000, 0x0000000100000000)
  eden space 20992K, 100% used [0x00000000d5580000,0x00000000d6a00000,0x00000000d6a00000)
  from space 1024K, 14% used [0x00000000d6a00000,0x00000000d6a24028,0x00000000d6b00000)
  to   space 512K, 0% used [0x00000000d6b80000,0x00000000d6b80000,0x00000000d6c00000)
 ParOldGen       total 68608K, used 36686K [0x0000000080000000, 0x0000000084300000, 0x00000000d5580000)
  object space 68608K, 53% used [0x0000000080000000,0x00000000823d3ae0,0x0000000084300000)
 Metaspace       used 69848K, committed 71040K, reserved 1114112K
  class space    used 7665K, committed 8192K, reserved 1048576K
}
Event: 45.003 GC heap after
{Heap after GC invocations=37 (full 3):
 PSYoungGen      total 20992K, used 501K [0x00000000d5580000, 0x00000000d6e00000, 0x0000000100000000)
  eden space 20480K, 0% used [0x00000000d5580000,0x00000000d5580000,0x00000000d6980000)
  from space 512K, 97% used [0x00000000d6b80000,0x00000000d6bfd4a8,0x00000000d6c00000)
  to   space 2048K, 0% used [0x00000000d6980000,0x00000000d6980000,0x00000000d6b80000)
 ParOldGen       total 68608K, used 37634K [0x0000000080000000, 0x0000000084300000, 0x00000000d5580000)
  object space 68608K, 54% used [0x0000000080000000,0x00000000824c0890,0x0000000084300000)
 Metaspace       used 69848K, committed 71040K, reserved 1114112K
  class space    used 7665K, committed 8192K, reserved 1048576K
}
Event: 47.281 GC heap before
{Heap before GC invocations=38 (full 3):
 PSYoungGen      total 20992K, used 20981K [0x00000000d5580000, 0x00000000d6e00000, 0x0000000100000000)
  eden space 20480K, 100% used [0x00000000d5580000,0x00000000d6980000,0x00000000d6980000)
  from space 512K, 97% used [0x00000000d6b80000,0x00000000d6bfd4a8,0x00000000d6c00000)
  to   space 2048K, 0% used [0x00000000d6980000,0x00000000d6980000,0x00000000d6b80000)
 ParOldGen       total 68608K, used 37634K [0x0000000080000000, 0x0000000084300000, 0x00000000d5580000)
  object space 68608K, 54% used [0x0000000080000000,0x00000000824c0890,0x0000000084300000)
 Metaspace       used 69970K, committed 71104K, reserved 1114112K
  class space    used 7665K, committed 8192K, reserved 1048576K
}
Event: 47.282 GC heap after
{Heap after GC invocations=38 (full 3):
 PSYoungGen      total 21504K, used 640K [0x00000000d5580000, 0x00000000d6c00000, 0x0000000100000000)
  eden space 20480K, 0% used [0x00000000d5580000,0x00000000d5580000,0x00000000d6980000)
  from space 1024K, 62% used [0x00000000d6980000,0x00000000d6a20020,0x00000000d6a80000)
  to   space 1024K, 0% used [0x00000000d6b00000,0x00000000d6b00000,0x00000000d6c00000)
 ParOldGen       total 68608K, used 38132K [0x0000000080000000, 0x0000000084300000, 0x00000000d5580000)
  object space 68608K, 55% used [0x0000000080000000,0x000000008253d300,0x0000000084300000)
 Metaspace       used 69970K, committed 71104K, reserved 1114112K
  class space    used 7665K, committed 8192K, reserved 1048576K
}
Event: 49.603 GC heap before
{Heap before GC invocations=39 (full 3):
 PSYoungGen      total 21504K, used 21119K [0x00000000d5580000, 0x00000000d6c00000, 0x0000000100000000)
  eden space 20480K, 99% used [0x00000000d5580000,0x00000000d697ffd0,0x00000000d6980000)
  from space 1024K, 62% used [0x00000000d6980000,0x00000000d6a20020,0x00000000d6a80000)
  to   space 1024K, 0% used [0x00000000d6b00000,0x00000000d6b00000,0x00000000d6c00000)
 ParOldGen       total 68608K, used 38132K [0x0000000080000000, 0x0000000084300000, 0x00000000d5580000)
  object space 68608K, 55% used [0x0000000080000000,0x000000008253d300,0x0000000084300000)
 Metaspace       used 70146K, committed 71296K, reserved 1114112K
  class space    used 7665K, committed 8192K, reserved 1048576K
}
Event: 49.605 GC heap after
{Heap after GC invocations=39 (full 3):
 PSYoungGen      total 21504K, used 640K [0x00000000d5580000, 0x00000000d6c00000, 0x0000000100000000)
  eden space 20480K, 0% used [0x00000000d5580000,0x00000000d5580000,0x00000000d6980000)
  from space 1024K, 62% used [0x00000000d6b00000,0x00000000d6ba0000,0x00000000d6c00000)
  to   space 1024K, 0% used [0x00000000d6980000,0x00000000d6980000,0x00000000d6a80000)
 ParOldGen       total 68608K, used 38460K [0x0000000080000000, 0x0000000084300000, 0x00000000d5580000)
  object space 68608K, 56% used [0x0000000080000000,0x000000008258f300,0x0000000084300000)
 Metaspace       used 70146K, committed 71296K, reserved 1114112K
  class space    used 7665K, committed 8192K, reserved 1048576K
}
Event: 51.199 GC heap before
{Heap before GC invocations=40 (full 3):
 PSYoungGen      total 21504K, used 21120K [0x00000000d5580000, 0x00000000d6c00000, 0x0000000100000000)
  eden space 20480K, 100% used [0x00000000d5580000,0x00000000d6980000,0x00000000d6980000)
  from space 1024K, 62% used [0x00000000d6b00000,0x00000000d6ba0000,0x00000000d6c00000)
  to   space 1024K, 0% used [0x00000000d6980000,0x00000000d6980000,0x00000000d6a80000)
 ParOldGen       total 68608K, used 38460K [0x0000000080000000, 0x0000000084300000, 0x00000000d5580000)
  object space 68608K, 56% used [0x0000000080000000,0x000000008258f300,0x0000000084300000)
 Metaspace       used 70201K, committed 71296K, reserved 1114112K
  class space    used 7665K, committed 8192K, reserved 1048576K
}
Event: 51.201 GC heap after
{Heap after GC invocations=40 (full 3):
 PSYoungGen      total 21504K, used 800K [0x00000000d5580000, 0x00000000d6b80000, 0x0000000100000000)
  eden space 20480K, 0% used [0x00000000d5580000,0x00000000d5580000,0x00000000d6980000)
  from space 1024K, 78% used [0x00000000d6980000,0x00000000d6a48000,0x00000000d6a80000)
  to   space 1024K, 0% used [0x00000000d6a80000,0x00000000d6a80000,0x00000000d6b80000)
 ParOldGen       total 68608K, used 38924K [0x0000000080000000, 0x0000000084300000, 0x00000000d5580000)
  object space 68608K, 56% used [0x0000000080000000,0x0000000082603300,0x0000000084300000)
 Metaspace       used 70201K, committed 71296K, reserved 1114112K
  class space    used 7665K, committed 8192K, reserved 1048576K
}
Event: 52.594 GC heap before
{Heap before GC invocations=41 (full 3):
 PSYoungGen      total 21504K, used 21280K [0x00000000d5580000, 0x00000000d6b80000, 0x0000000100000000)
  eden space 20480K, 100% used [0x00000000d5580000,0x00000000d6980000,0x00000000d6980000)
  from space 1024K, 78% used [0x00000000d6980000,0x00000000d6a48000,0x00000000d6a80000)
  to   space 1024K, 0% used [0x00000000d6a80000,0x00000000d6a80000,0x00000000d6b80000)
 ParOldGen       total 68608K, used 38924K [0x0000000080000000, 0x0000000084300000, 0x00000000d5580000)
  object space 68608K, 56% used [0x0000000080000000,0x0000000082603300,0x0000000084300000)
 Metaspace       used 70301K, committed 71424K, reserved 1114112K
  class space    used 7665K, committed 8192K, reserved 1048576K
}
Event: 52.596 GC heap after
{Heap after GC invocations=41 (full 3):
 PSYoungGen      total 21504K, used 896K [0x00000000d5580000, 0x00000000d6b80000, 0x0000000100000000)
  eden space 20480K, 0% used [0x00000000d5580000,0x00000000d5580000,0x00000000d6980000)
  from space 1024K, 87% used [0x00000000d6a80000,0x00000000d6b60000,0x00000000d6b80000)
  to   space 1024K, 0% used [0x00000000d6980000,0x00000000d6980000,0x00000000d6a80000)
 ParOldGen       total 68608K, used 39532K [0x0000000080000000, 0x0000000084300000, 0x00000000d5580000)
  object space 68608K, 57% used [0x0000000080000000,0x000000008269b300,0x0000000084300000)
 Metaspace       used 70301K, committed 71424K, reserved 1114112K
  class space    used 7665K, committed 8192K, reserved 1048576K
}
Event: 55.712 GC heap before
{Heap before GC invocations=42 (full 3):
 PSYoungGen      total 21504K, used 21375K [0x00000000d5580000, 0x00000000d6b80000, 0x0000000100000000)
  eden space 20480K, 99% used [0x00000000d5580000,0x00000000d697fe60,0x00000000d6980000)
  from space 1024K, 87% used [0x00000000d6a80000,0x00000000d6b60000,0x00000000d6b80000)
  to   space 1024K, 0% used [0x00000000d6980000,0x00000000d6980000,0x00000000d6a80000)
 ParOldGen       total 68608K, used 39532K [0x0000000080000000, 0x0000000084300000, 0x00000000d5580000)
  object space 68608K, 57% used [0x0000000080000000,0x000000008269b300,0x0000000084300000)
 Metaspace       used 70470K, committed 71616K, reserved 1114112K
  class space    used 7665K, committed 8192K, reserved 1048576K
}
Event: 55.714 GC heap after
{Heap after GC invocations=42 (full 3):
 PSYoungGen      total 21504K, used 704K [0x00000000d5580000, 0x00000000d6b80000, 0x0000000100000000)
  eden space 20480K, 0% used [0x00000000d5580000,0x00000000d5580000,0x00000000d6980000)
  from space 1024K, 68% used [0x00000000d6980000,0x00000000d6a30030,0x00000000d6a80000)
  to   space 1024K, 0% used [0x00000000d6a80000,0x00000000d6a80000,0x00000000d6b80000)
 ParOldGen       total 68608K, used 40019K [0x0000000080000000, 0x0000000084300000, 0x00000000d5580000)
  object space 68608K, 58% used [0x0000000080000000,0x0000000082714d98,0x0000000084300000)
 Metaspace       used 70470K, committed 71616K, reserved 1114112K
  class space    used 7665K, committed 8192K, reserved 1048576K
}
Event: 56.386 GC heap before
{Heap before GC invocations=43 (full 3):
 PSYoungGen      total 21504K, used 21184K [0x00000000d5580000, 0x00000000d6b80000, 0x0000000100000000)
  eden space 20480K, 100% used [0x00000000d5580000,0x00000000d6980000,0x00000000d6980000)
  from space 1024K, 68% used [0x00000000d6980000,0x00000000d6a30030,0x00000000d6a80000)
  to   space 1024K, 0% used [0x00000000d6a80000,0x00000000d6a80000,0x00000000d6b80000)
 ParOldGen       total 68608K, used 40019K [0x0000000080000000, 0x0000000084300000, 0x00000000d5580000)
  object space 68608K, 58% used [0x0000000080000000,0x0000000082714d98,0x0000000084300000)
 Metaspace       used 70474K, committed 71616K, reserved 1114112K
  class space    used 7665K, committed 8192K, reserved 1048576K
}
Event: 56.388 GC heap after
{Heap after GC invocations=43 (full 3):
 PSYoungGen      total 20992K, used 128K [0x00000000d5580000, 0x00000000d6b00000, 0x0000000100000000)
  eden space 20480K, 0% used [0x00000000d5580000,0x00000000d5580000,0x00000000d6980000)
  from space 512K, 25% used [0x00000000d6a80000,0x00000000d6aa0000,0x00000000d6b00000)
  to   space 512K, 0% used [0x00000000d6a00000,0x00000000d6a00000,0x00000000d6a80000)
 ParOldGen       total 68608K, used 40653K [0x0000000080000000, 0x0000000084300000, 0x00000000d5580000)
  object space 68608K, 59% used [0x0000000080000000,0x00000000827b36e8,0x0000000084300000)
 Metaspace       used 70474K, committed 71616K, reserved 1114112K
  class space    used 7665K, committed 8192K, reserved 1048576K
}

Dll operation events (3 events):
Event: 0.037 Loaded shared library C:\Program Files\Android\Android Studio\jbr\bin\java.dll
Event: 0.052 Loaded shared library C:\Program Files\Android\Android Studio\jbr\bin\zip.dll
Event: 1.293 Loaded shared library C:\Program Files\Android\Android Studio\jbr\bin\verify.dll

Deoptimization events (20 events):
Event: 49.440 Thread 0x0000023f4eae16b0 DEOPT PACKING pc=0x0000023f3bc60364 sp=0x000000e8cdefe0a0
Event: 49.440 Thread 0x0000023f4eae16b0 DEOPT UNPACKING pc=0x0000023f3b693aa2 sp=0x000000e8cdefdf30 mode 2
Event: 49.498 Thread 0x0000023f4eae44a0 DEOPT PACKING pc=0x0000023f354df99d sp=0x000000e8ce1fdcd0
Event: 49.498 Thread 0x0000023f4eae44a0 DEOPT UNPACKING pc=0x0000023f3b694242 sp=0x000000e8ce1fd2e8 mode 0
Event: 49.701 Thread 0x0000023f4eae2a60 DEOPT PACKING pc=0x0000023f35089e7e sp=0x000000e8cdffdd80
Event: 49.701 Thread 0x0000023f4eae2a60 DEOPT UNPACKING pc=0x0000023f3b694242 sp=0x000000e8cdffd218 mode 0
Event: 51.713 Thread 0x0000023f4eae44a0 DEOPT PACKING pc=0x0000023f354df99d sp=0x000000e8ce1fdcd0
Event: 51.713 Thread 0x0000023f4eae44a0 DEOPT UNPACKING pc=0x0000023f3b694242 sp=0x000000e8ce1fd2e8 mode 0
Event: 54.216 Thread 0x0000023f4da80ab0 Uncommon trap: trap_request=0xffffff45 fr.pc=0x0000023f3c0faebc relative=0x000000000000027c
Event: 54.216 Thread 0x0000023f4da80ab0 Uncommon trap: reason=unstable_if action=reinterpret pc=0x0000023f3c0faebc method=java.util.HashMap.getNode(Ljava/lang/Object;)Ljava/util/HashMap$Node; @ 57 c2
Event: 54.216 Thread 0x0000023f4da80ab0 DEOPT PACKING pc=0x0000023f3c0faebc sp=0x000000e8ccffdc60
Event: 54.216 Thread 0x0000023f4da80ab0 DEOPT UNPACKING pc=0x0000023f3b693aa2 sp=0x000000e8ccffdb70 mode 2
Event: 54.216 Thread 0x0000023f4da80ab0 Uncommon trap: trap_request=0xffffff45 fr.pc=0x0000023f3c0ef5a8 relative=0x0000000000000268
Event: 54.216 Thread 0x0000023f4da80ab0 Uncommon trap: reason=unstable_if action=reinterpret pc=0x0000023f3c0ef5a8 method=java.util.HashMap.getNode(Ljava/lang/Object;)Ljava/util/HashMap$Node; @ 57 c2
Event: 54.216 Thread 0x0000023f4da80ab0 DEOPT PACKING pc=0x0000023f3c0ef5a8 sp=0x000000e8ccffdbf0
Event: 54.216 Thread 0x0000023f4da80ab0 DEOPT UNPACKING pc=0x0000023f3b693aa2 sp=0x000000e8ccffdb70 mode 2
Event: 54.903 Thread 0x0000023f4eae44a0 Uncommon trap: trap_request=0xffffff45 fr.pc=0x0000023f3c136ab0 relative=0x0000000000000350
Event: 54.903 Thread 0x0000023f4eae44a0 Uncommon trap: reason=unstable_if action=reinterpret pc=0x0000023f3c136ab0 method=java.util.IdentityHashMap.put(Ljava/lang/Object;Ljava/lang/Object;)Ljava/lang/Object; @ 38 c2
Event: 54.903 Thread 0x0000023f4eae44a0 DEOPT PACKING pc=0x0000023f3c136ab0 sp=0x000000e8cb0fec40
Event: 54.903 Thread 0x0000023f4eae44a0 DEOPT UNPACKING pc=0x0000023f3b693aa2 sp=0x000000e8cb0febc0 mode 2

Classes loaded (20 events):
Event: 38.935 Loading class java/lang/invoke/BoundMethodHandle$Species_LLLLLLL
Event: 38.935 Loading class java/lang/invoke/BoundMethodHandle$Species_LLLLLLL done
Event: 39.729 Loading class sun/security/ssl/PreSharedKeyExtension$PskIdentity
Event: 39.729 Loading class sun/security/ssl/PreSharedKeyExtension$PskIdentity done
Event: 39.729 Loading class sun/security/ssl/PreSharedKeyExtension$CHPreSharedKeySpec
Event: 39.730 Loading class sun/security/ssl/PreSharedKeyExtension$CHPreSharedKeySpec done
Event: 39.730 Loading class sun/security/ssl/PreSharedKeyExtension$PartialClientHelloMessage
Event: 39.731 Loading class sun/security/ssl/PreSharedKeyExtension$PartialClientHelloMessage done
Event: 39.731 Loading class sun/security/ssl/SSLEngineOutputRecord
Event: 39.735 Loading class sun/security/ssl/SSLEngineOutputRecord done
Event: 39.737 Loading class sun/security/ssl/SSLEngineOutputRecord$HandshakeFragment
Event: 39.738 Loading class sun/security/ssl/SSLEngineOutputRecord$HandshakeFragment done
Event: 39.738 Loading class sun/security/ssl/SSLEngineOutputRecord$HandshakeMemo
Event: 39.738 Loading class sun/security/ssl/SSLEngineOutputRecord$RecordMemo
Event: 39.738 Loading class sun/security/ssl/SSLEngineOutputRecord$RecordMemo done
Event: 39.738 Loading class sun/security/ssl/SSLEngineOutputRecord$HandshakeMemo done
Event: 39.819 Loading class sun/security/ssl/PreSharedKeyExtension$SHPreSharedKeySpec
Event: 39.820 Loading class sun/security/ssl/PreSharedKeyExtension$SHPreSharedKeySpec done
Event: 41.442 Loading class sun/nio/cs/ISO_8859_1$Decoder
Event: 41.444 Loading class sun/nio/cs/ISO_8859_1$Decoder done

Classes unloaded (8 events):
Event: 16.311 Thread 0x0000023f30ef9790 Unloading class 0x00000001002cc000 'java/lang/invoke/LambdaForm$MH+0x00000001002cc000'
Event: 16.311 Thread 0x0000023f30ef9790 Unloading class 0x00000001002cbc00 'java/lang/invoke/LambdaForm$MH+0x00000001002cbc00'
Event: 16.311 Thread 0x0000023f30ef9790 Unloading class 0x00000001002cb800 'java/lang/invoke/LambdaForm$MH+0x00000001002cb800'
Event: 16.311 Thread 0x0000023f30ef9790 Unloading class 0x00000001002cb400 'java/lang/invoke/LambdaForm$MH+0x00000001002cb400'
Event: 16.311 Thread 0x0000023f30ef9790 Unloading class 0x00000001002cb000 'java/lang/invoke/LambdaForm$BMH+0x00000001002cb000'
Event: 16.311 Thread 0x0000023f30ef9790 Unloading class 0x00000001002cac00 'java/lang/invoke/LambdaForm$DMH+0x00000001002cac00'
Event: 16.311 Thread 0x0000023f30ef9790 Unloading class 0x00000001002c9800 'java/lang/invoke/LambdaForm$DMH+0x00000001002c9800'
Event: 19.502 Thread 0x0000023f30ef9790 Unloading class 0x00000001003c0000 'java/lang/invoke/LambdaForm$MH+0x00000001003c0000'

Classes redefined (0 events):
No events

Internal exceptions (20 events):
Event: 54.284 Thread 0x0000023f4da80ab0 Exception <a 'sun/nio/fs/WindowsException'{0x00000000d60eaaf8}> (0x00000000d60eaaf8) 
thrown [s\src\hotspot\share\prims\jni.cpp, line 537]
Event: 54.286 Thread 0x0000023f4da80ab0 Exception <a 'sun/nio/fs/WindowsException'{0x00000000d6107388}> (0x00000000d6107388) 
thrown [s\src\hotspot\share\prims\jni.cpp, line 537]
Event: 54.812 Thread 0x0000023f4da80ab0 Exception <a 'sun/nio/fs/WindowsException'{0x00000000d6119848}> (0x00000000d6119848) 
thrown [s\src\hotspot\share\prims\jni.cpp, line 537]
Event: 54.868 Thread 0x0000023f4da80ab0 Exception <a 'sun/nio/fs/WindowsException'{0x00000000d614d918}> (0x00000000d614d918) 
thrown [s\src\hotspot\share\prims\jni.cpp, line 537]
Event: 54.903 Thread 0x0000023f4eae44a0 Exception <a 'sun/nio/fs/WindowsException'{0x00000000d6219538}> (0x00000000d6219538) 
thrown [s\src\hotspot\share\prims\jni.cpp, line 537]
Event: 54.912 Thread 0x0000023f4eae2a60 Exception <a 'sun/nio/fs/WindowsException'{0x00000000d6221da8}> (0x00000000d6221da8) 
thrown [s\src\hotspot\share\prims\jni.cpp, line 537]
Event: 54.914 Thread 0x0000023f4eae3780 Exception <a 'sun/nio/fs/WindowsException'{0x00000000d623b848}> (0x00000000d623b848) 
thrown [s\src\hotspot\share\prims\jni.cpp, line 537]
Event: 54.917 Thread 0x0000023f4eae4b30 Exception <a 'sun/nio/fs/WindowsException'{0x00000000d624c9c8}> (0x00000000d624c9c8) 
thrown [s\src\hotspot\share\prims\jni.cpp, line 537]
Event: 54.918 Thread 0x0000023f4eae16b0 Exception <a 'sun/nio/fs/WindowsException'{0x00000000d625dab8}> (0x00000000d625dab8) 
thrown [s\src\hotspot\share\prims\jni.cpp, line 537]
Event: 55.343 Thread 0x0000023f4eae3780 Exception <a 'sun/nio/fs/WindowsException'{0x00000000d628c608}> (0x00000000d628c608) 
thrown [s\src\hotspot\share\prims\jni.cpp, line 537]
Event: 55.345 Thread 0x0000023f4eae2a60 Exception <a 'sun/nio/fs/WindowsException'{0x00000000d62c84b0}> (0x00000000d62c84b0) 
thrown [s\src\hotspot\share\prims\jni.cpp, line 537]
Event: 55.383 Thread 0x0000023f4eae16b0 Exception <a 'sun/nio/fs/WindowsException'{0x00000000d6462670}> (0x00000000d6462670) 
thrown [s\src\hotspot\share\prims\jni.cpp, line 537]
Event: 55.447 Thread 0x0000023f4eae44a0 Exception <a 'sun/nio/fs/WindowsException'{0x00000000d6740200}> (0x00000000d6740200) 
thrown [s\src\hotspot\share\prims\jni.cpp, line 537]
Event: 55.454 Thread 0x0000023f4eae44a0 Exception <a 'sun/nio/fs/WindowsException'{0x00000000d67888e8}> (0x00000000d67888e8) 
thrown [s\src\hotspot\share\prims\jni.cpp, line 537]
Event: 55.458 Thread 0x0000023f4eae44a0 Exception <a 'sun/nio/fs/WindowsException'{0x00000000d678aa58}> (0x00000000d678aa58) 
thrown [s\src\hotspot\share\prims\jni.cpp, line 537]
Event: 55.999 Thread 0x0000023f4eae4b30 Exception <a 'sun/nio/fs/WindowsException'{0x00000000d65329c0}> (0x00000000d65329c0) 
thrown [s\src\hotspot\share\prims\jni.cpp, line 537]
Event: 56.003 Thread 0x0000023f4eae4b30 Exception <a 'sun/nio/fs/WindowsException'{0x00000000d6549420}> (0x00000000d6549420) 
thrown [s\src\hotspot\share\prims\jni.cpp, line 537]
Event: 56.008 Thread 0x0000023f4eae4b30 Exception <a 'sun/nio/fs/WindowsException'{0x00000000d6553a40}> (0x00000000d6553a40) 
thrown [s\src\hotspot\share\prims\jni.cpp, line 537]
Event: 56.494 Thread 0x0000023f4eae44a0 Exception <a 'sun/nio/fs/WindowsException'{0x00000000d57aa8d8}> (0x00000000d57aa8d8) 
thrown [s\src\hotspot\share\prims\jni.cpp, line 537]
Event: 56.553 Thread 0x0000023f4eae4b30 Exception <a 'sun/nio/fs/WindowsException'{0x00000000d5a23930}> (0x00000000d5a23930) 
thrown [s\src\hotspot\share\prims\jni.cpp, line 537]

ZGC Phase Switch (0 events):
No events

VM Operations (20 events):
Event: 49.603 Executing VM operation: ParallelGCFailedAllocation (Allocation Failure)
Event: 49.605 Executing VM operation: ParallelGCFailedAllocation (Allocation Failure) done
Event: 50.619 Executing VM operation: Cleanup
Event: 50.619 Executing VM operation: Cleanup done
Event: 51.199 Executing VM operation: ParallelGCFailedAllocation (Allocation Failure)
Event: 51.201 Executing VM operation: ParallelGCFailedAllocation (Allocation Failure) done
Event: 52.214 Executing VM operation: Cleanup
Event: 52.214 Executing VM operation: Cleanup done
Event: 52.594 Executing VM operation: ParallelGCFailedAllocation (Allocation Failure)
Event: 52.596 Executing VM operation: ParallelGCFailedAllocation (Allocation Failure) done
Event: 53.605 Executing VM operation: Cleanup
Event: 53.605 Executing VM operation: Cleanup done
Event: 54.619 Executing VM operation: Cleanup
Event: 54.619 Executing VM operation: Cleanup done
Event: 55.623 Executing VM operation: Cleanup
Event: 55.623 Executing VM operation: Cleanup done
Event: 55.712 Executing VM operation: ParallelGCFailedAllocation (Allocation Failure)
Event: 55.714 Executing VM operation: ParallelGCFailedAllocation (Allocation Failure) done
Event: 56.386 Executing VM operation: ParallelGCFailedAllocation (Allocation Failure)
Event: 56.388 Executing VM operation: ParallelGCFailedAllocation (Allocation Failure) done

Memory protections (0 events):
No events

Nmethod flushes (20 events):
Event: 19.517 Thread 0x0000023f30ef9790 flushing  nmethod 0x0000023f34808b90
Event: 19.517 Thread 0x0000023f30ef9790 flushing  nmethod 0x0000023f34882f90
Event: 19.517 Thread 0x0000023f30ef9790 flushing  nmethod 0x0000023f34883390
Event: 19.517 Thread 0x0000023f30ef9790 flushing  nmethod 0x0000023f34883c90
Event: 19.517 Thread 0x0000023f30ef9790 flushing  nmethod 0x0000023f34884e90
Event: 19.517 Thread 0x0000023f30ef9790 flushing  nmethod 0x0000023f34885690
Event: 19.517 Thread 0x0000023f30ef9790 flushing  nmethod 0x0000023f34885e10
Event: 19.517 Thread 0x0000023f30ef9790 flushing  nmethod 0x0000023f34887310
Event: 19.517 Thread 0x0000023f30ef9790 flushing  nmethod 0x0000023f34887c10
Event: 19.517 Thread 0x0000023f30ef9790 flushing  nmethod 0x0000023f3488a810
Event: 19.517 Thread 0x0000023f30ef9790 flushing  nmethod 0x0000023f34894610
Event: 19.517 Thread 0x0000023f30ef9790 flushing  nmethod 0x0000023f348a9910
Event: 19.517 Thread 0x0000023f30ef9790 flushing  nmethod 0x0000023f348b1d10
Event: 19.517 Thread 0x0000023f30ef9790 flushing  nmethod 0x0000023f348c7710
Event: 19.517 Thread 0x0000023f30ef9790 flushing  nmethod 0x0000023f348ca690
Event: 19.517 Thread 0x0000023f30ef9790 flushing  nmethod 0x0000023f3491d590
Event: 19.517 Thread 0x0000023f30ef9790 flushing  nmethod 0x0000023f34932510
Event: 19.517 Thread 0x0000023f30ef9790 flushing  nmethod 0x0000023f34954c90
Event: 19.517 Thread 0x0000023f30ef9790 flushing  nmethod 0x0000023f3498e090
Event: 19.517 Thread 0x0000023f30ef9790 flushing  nmethod 0x0000023f3498e490

Events (20 events):
Event: 43.327 Thread 0x0000023f4eae4b30 Thread exited: 0x0000023f4eae4b30
Event: 43.327 Thread 0x0000023f4e256630 Thread exited: 0x0000023f4e256630
Event: 43.327 Thread 0x0000023f4e258d90 Thread exited: 0x0000023f4e258d90
Event: 43.597 Thread 0x0000023f4c6de310 Thread added: 0x0000023f511ea3b0
Event: 43.884 Thread 0x0000023f4da80ab0 Thread added: 0x0000023f4eae16b0
Event: 43.884 Thread 0x0000023f4da80ab0 Thread added: 0x0000023f4eae2a60
Event: 43.884 Thread 0x0000023f4da80ab0 Thread added: 0x0000023f4eae3780
Event: 43.885 Thread 0x0000023f4da80ab0 Thread added: 0x0000023f4eae44a0
Event: 43.885 Thread 0x0000023f4da80ab0 Thread added: 0x0000023f4eae4b30
Event: 44.127 Thread 0x0000023f511ea3b0 Thread exited: 0x0000023f511ea3b0
Event: 54.214 Thread 0x0000023f4eae4b30 Thread exited: 0x0000023f4eae4b30
Event: 54.214 Thread 0x0000023f4eae2a60 Thread exited: 0x0000023f4eae2a60
Event: 54.215 Thread 0x0000023f4eae44a0 Thread exited: 0x0000023f4eae44a0
Event: 54.215 Thread 0x0000023f4eae16b0 Thread exited: 0x0000023f4eae16b0
Event: 54.215 Thread 0x0000023f4eae3780 Thread exited: 0x0000023f4eae3780
Event: 54.873 Thread 0x0000023f4da80ab0 Thread added: 0x0000023f4eae44a0
Event: 54.873 Thread 0x0000023f4da80ab0 Thread added: 0x0000023f4eae2a60
Event: 54.873 Thread 0x0000023f4da80ab0 Thread added: 0x0000023f4eae3780
Event: 54.874 Thread 0x0000023f4da80ab0 Thread added: 0x0000023f4eae4b30
Event: 54.874 Thread 0x0000023f4da80ab0 Thread added: 0x0000023f4eae16b0


Dynamic libraries:
0x00007ff7ced80000 - 0x00007ff7ced8a000 	C:\Program Files\Android\Android Studio\jbr\bin\java.exe
0x00007ffe85a20000 - 0x00007ffe85c29000 	C:\Windows\SYSTEM32\ntdll.dll
0x00007ffe84b20000 - 0x00007ffe84bdd000 	C:\Windows\System32\KERNEL32.DLL
0x00007ffe82f20000 - 0x00007ffe832a4000 	C:\Windows\System32\KERNELBASE.dll
0x00007ffe83440000 - 0x00007ffe83551000 	C:\Windows\System32\ucrtbase.dll
0x00007ffe65f30000 - 0x00007ffe65f4b000 	C:\Program Files\Android\Android Studio\jbr\bin\VCRUNTIME140.dll
0x00007ffe6da20000 - 0x00007ffe6da38000 	C:\Program Files\Android\Android Studio\jbr\bin\jli.dll
0x00007ffe84830000 - 0x00007ffe849dd000 	C:\Windows\System32\USER32.dll
0x00007ffe83410000 - 0x00007ffe83436000 	C:\Windows\System32\win32u.dll
0x00007ffe851e0000 - 0x00007ffe8520a000 	C:\Windows\System32\GDI32.dll
0x00007ffe83560000 - 0x00007ffe8367e000 	C:\Windows\System32\gdi32full.dll
0x00007ffe832b0000 - 0x00007ffe8334d000 	C:\Windows\System32\msvcp_win.dll
0x00007ffe6d670000 - 0x00007ffe6d915000 	C:\Windows\WinSxS\amd64_microsoft.windows.common-controls_6595b64144ccf1df_6.0.22000.120_none_9d947278b86cc467\COMCTL32.dll
0x00007ffe853b0000 - 0x00007ffe85453000 	C:\Windows\System32\msvcrt.dll
0x00007ffe84670000 - 0x00007ffe846a1000 	C:\Windows\System32\IMM32.DLL
0x00007ffe7bce0000 - 0x00007ffe7bcec000 	C:\Program Files\Android\Android Studio\jbr\bin\vcruntime140_1.dll
0x00007ffe49fe0000 - 0x00007ffe4a06d000 	C:\Program Files\Android\Android Studio\jbr\bin\msvcp140.dll
0x00007ffe22fd0000 - 0x00007ffe23c66000 	C:\Program Files\Android\Android Studio\jbr\bin\server\jvm.dll
0x00007ffe83900000 - 0x00007ffe839ae000 	C:\Windows\System32\ADVAPI32.dll
0x00007ffe85840000 - 0x00007ffe858de000 	C:\Windows\System32\sechost.dll
0x00007ffe85460000 - 0x00007ffe85581000 	C:\Windows\System32\RPCRT4.dll
0x00007ffe85210000 - 0x00007ffe8527f000 	C:\Windows\System32\WS2_32.dll
0x00007ffe82cd0000 - 0x00007ffe82d1d000 	C:\Windows\SYSTEM32\POWRPROF.dll
0x00007ffe7a310000 - 0x00007ffe7a343000 	C:\Windows\SYSTEM32\WINMM.dll
0x00007ffe77eb0000 - 0x00007ffe77eba000 	C:\Windows\SYSTEM32\VERSION.dll
0x00007ffe82bc0000 - 0x00007ffe82bd3000 	C:\Windows\SYSTEM32\UMPDC.dll
0x00007ffe81f20000 - 0x00007ffe81f38000 	C:\Windows\SYSTEM32\kernel.appcore.dll
0x00007ffe708d0000 - 0x00007ffe708da000 	C:\Program Files\Android\Android Studio\jbr\bin\jimage.dll
0x00007ffe7cca0000 - 0x00007ffe7cec1000 	C:\Windows\SYSTEM32\DBGHELP.DLL
0x00007ffe6bd20000 - 0x00007ffe6bd51000 	C:\Windows\SYSTEM32\dbgcore.DLL
0x00007ffe83680000 - 0x00007ffe836ff000 	C:\Windows\System32\bcryptPrimitives.dll
0x00007ffe6ed00000 - 0x00007ffe6ed0e000 	C:\Program Files\Android\Android Studio\jbr\bin\instrument.dll
0x00007ffe62880000 - 0x00007ffe628a0000 	C:\Program Files\Android\Android Studio\jbr\bin\java.dll
0x00007ffe623f0000 - 0x00007ffe62408000 	C:\Program Files\Android\Android Studio\jbr\bin\zip.dll
0x00007ffe83a20000 - 0x00007ffe841e5000 	C:\Windows\System32\SHELL32.dll
0x00007ffe80f80000 - 0x00007ffe817e2000 	C:\Windows\SYSTEM32\windows.storage.dll
0x00007ffe84cc0000 - 0x00007ffe85036000 	C:\Windows\System32\combase.dll
0x00007ffe80e10000 - 0x00007ffe80f77000 	C:\Windows\SYSTEM32\wintypes.dll
0x00007ffe846b0000 - 0x00007ffe8479a000 	C:\Windows\System32\SHCORE.dll
0x00007ffe84a00000 - 0x00007ffe84a5d000 	C:\Windows\System32\shlwapi.dll
0x00007ffe82de0000 - 0x00007ffe82e05000 	C:\Windows\SYSTEM32\profapi.dll
0x00007ffe6ebe0000 - 0x00007ffe6ebf0000 	C:\Program Files\Android\Android Studio\jbr\bin\net.dll
0x00007ffe80b10000 - 0x00007ffe80c24000 	C:\Windows\SYSTEM32\WINHTTP.dll
0x00007ffe823d0000 - 0x00007ffe82437000 	C:\Windows\system32\mswsock.dll
0x00007ffe62310000 - 0x00007ffe62326000 	C:\Program Files\Android\Android Studio\jbr\bin\nio.dll
0x00007ffe697c0000 - 0x00007ffe697d0000 	C:\Program Files\Android\Android Studio\jbr\bin\verify.dll
0x00007ffe45670000 - 0x00007ffe456b4000 	C:\Users\Emmanuela\AppData\Roaming\Code\User\globalStorage\redhat.java\1.50.0\config_win\org.eclipse.equinox.launcher\org.eclipse.equinox.launcher.win32.win32.x86_64_1.2.1400.v20250801-0854\eclipse_11916.dll
0x00007ffe85040000 - 0x00007ffe851da000 	C:\Windows\System32\ole32.dll
0x00007ffe66830000 - 0x00007ffe66839000 	C:\Program Files\Android\Android Studio\jbr\bin\management.dll
0x00007ffe662f0000 - 0x00007ffe662fb000 	C:\Program Files\Android\Android Studio\jbr\bin\management_ext.dll
0x00007ffe84820000 - 0x00007ffe84828000 	C:\Windows\System32\PSAPI.DLL
0x00007ffe82610000 - 0x00007ffe82628000 	C:\Windows\SYSTEM32\CRYPTSP.dll
0x00007ffe81e80000 - 0x00007ffe81eb5000 	C:\Windows\system32\rsaenh.dll
0x00007ffe824c0000 - 0x00007ffe824ec000 	C:\Windows\SYSTEM32\USERENV.dll
0x00007ffe82790000 - 0x00007ffe827b7000 	C:\Windows\SYSTEM32\bcrypt.dll
0x00007ffe82630000 - 0x00007ffe8263c000 	C:\Windows\SYSTEM32\CRYPTBASE.dll
0x00007ffe81a40000 - 0x00007ffe81a6d000 	C:\Windows\SYSTEM32\IPHLPAPI.DLL
0x00007ffe84a60000 - 0x00007ffe84a69000 	C:\Windows\System32\NSI.dll
0x00007ffe4b430000 - 0x00007ffe4b479000 	C:\Users\Emmanuela\AppData\Local\Temp\jna-1663313559\jna13477995203335652855.dll
0x00007ffe7a5a0000 - 0x00007ffe7a5b9000 	C:\Windows\SYSTEM32\dhcpcsvc6.DLL
0x00007ffe7ab90000 - 0x00007ffe7abae000 	C:\Windows\SYSTEM32\dhcpcsvc.DLL
0x00007ffe81a70000 - 0x00007ffe81b57000 	C:\Windows\SYSTEM32\DNSAPI.dll
0x00007ffe709a0000 - 0x00007ffe709aa000 	C:\Windows\System32\rasadhlp.dll
0x00007ffe77fb0000 - 0x00007ffe78031000 	C:\Windows\System32\fwpuclnt.dll
0x00007ffe65f20000 - 0x00007ffe65f29000 	C:\Program Files\Android\Android Studio\jbr\bin\extnet.dll

JVMTI agents:
c:\Users\Emmanuela\.vscode\extensions\redhat.java-1.50.0\lombok\lombok-1.18.39-4050.jar path:C:\Program Files\Android\Android Studio\jbr\bin\instrument.dll, loaded, initialized, instrumentlib options:none

dbghelp: loaded successfully - version: 4.0.5 - missing functions: none
symbol engine: initialized successfully - sym options: 0x614 - pdb path: .;C:\Program Files\Android\Android Studio\jbr\bin;C:\Windows\SYSTEM32;C:\Windows\WinSxS\amd64_microsoft.windows.common-controls_6595b64144ccf1df_6.0.22000.120_none_9d947278b86cc467;C:\Program Files\Android\Android Studio\jbr\bin\server;C:\Users\Emmanuela\AppData\Roaming\Code\User\globalStorage\redhat.java\1.50.0\config_win\org.eclipse.equinox.launcher\org.eclipse.equinox.launcher.win32.win32.x86_64_1.2.1400.v20250801-0854;C:\Users\Emmanuela\AppData\Local\Temp\jna-1663313559

VM Arguments:
jvm_args: --add-modules=ALL-SYSTEM --add-opens=java.base/java.util=ALL-UNNAMED --add-opens=java.base/java.lang=ALL-UNNAMED --add-opens=java.base/sun.nio.fs=ALL-UNNAMED -Declipse.application=org.eclipse.jdt.ls.core.id1 -Dosgi.bundles.defaultStartLevel=4 -Declipse.product=org.eclipse.jdt.ls.core.product -Djava.import.generatesMetadataFilesAtProjectRoot=false -DDetectVMInstallationsJob.disabled=true -Dfile.encoding=utf8 -XX:+UseParallelGC -XX:GCTimeRatio=4 -XX:AdaptiveSizePolicyWeight=90 -Dsun.zip.disableMemoryMapping=true -Xmx2G -Xms100m -Xlog:disable -javaagent:c:\Users\Emmanuela\.vscode\extensions\redhat.java-1.50.0\lombok\lombok-1.18.39-4050.jar -XX:+HeapDumpOnOutOfMemoryError -XX:HeapDumpPath=c:\Users\Emmanuela\AppData\Roaming\Code\User\workspaceStorage\5688f853618fed6b6b73b3bdb5c69d10\redhat.java -Daether.dependencyCollector.impl=bf 
java_command: c:\Users\Emmanuela\.vscode\extensions\redhat.java-1.50.0\server\plugins\org.eclipse.equinox.launcher_1.7.100.v20251111-0406.jar -configuration c:\Users\Emmanuela\AppData\Roaming\Code\User\globalStorage\redhat.java\1.50.0\config_win -data c:\Users\Emmanuela\AppData\Roaming\Code\User\workspaceStorage\5688f853618fed6b6b73b3bdb5c69d10\redhat.java\jdt_ws --pipe=\\.\pipe\lsp-1ec27b96048c3ac4090c205eef9fcbe6-sock
java_class_path (initial): c:\Users\Emmanuela\.vscode\extensions\redhat.java-1.50.0\server\plugins\org.eclipse.equinox.launcher_1.7.100.v20251111-0406.jar
Launcher Type: SUN_STANDARD

[Global flags]
    uintx AdaptiveSizePolicyWeight                 = 90                                        {product} {command line}
     intx CICompilerCount                          = 3                                         {product} {ergonomic}
    uintx GCTimeRatio                              = 4                                         {product} {command line}
     bool HeapDumpOnOutOfMemoryError               = true                                   {manageable} {command line}
    ccstr HeapDumpPath                             = c:\Users\Emmanuela\AppData\Roaming\Code\User\workspaceStorage\5688f853618fed6b6b73b3bdb5c69d10\redhat.java         {manageable} {command line}
   size_t InitialHeapSize                          = 104857600                                 {product} {command line}
   size_t MaxHeapSize                              = 2147483648                                {product} {command line}
   size_t MaxNewSize                               = 715653120                                 {product} {ergonomic}
   size_t MinHeapDeltaBytes                        = 524288                                    {product} {ergonomic}
   size_t MinHeapSize                              = 104857600                                 {product} {command line}
   size_t NewSize                                  = 34603008                                  {product} {ergonomic}
    uintx NonNMethodCodeHeapSize                   = 5832780                                {pd product} {ergonomic}
    uintx NonProfiledCodeHeapSize                  = 122912730                              {pd product} {ergonomic}
   size_t OldSize                                  = 70254592                                  {product} {ergonomic}
    uintx ProfiledCodeHeapSize                     = 122912730                              {pd product} {ergonomic}
    uintx ReservedCodeCacheSize                    = 251658240                              {pd product} {ergonomic}
     bool SegmentedCodeCache                       = true                                      {product} {ergonomic}
   size_t SoftMaxHeapSize                          = 2147483648                             {manageable} {ergonomic}
     bool UseCompressedOops                        = true                           {product lp64_product} {ergonomic}
     bool UseLargePagesIndividualAllocation        = false                                  {pd product} {ergonomic}
     bool UseParallelGC                            = true                                      {product} {command line}

Logging:
Log output configuration:
 #0: stdout all=off uptime,level,tags foldmultilines=false
 #1: stderr all=off uptime,level,tags foldmultilines=false

Environment Variables:
JAVA_HOME=C:\Program Files\Android\Android Studio\jbr
PATH=C:\Python313\Scripts\;C:\Python313\;C:\Windows\system32;C:\Windows;C:\Windows\System32\Wbem;C:\Windows\System32\WindowsPowerShell\v1.0\;C:\Windows\System32\OpenSSH\;C:\Program Files\nodejs\;C:\ProgramData\chocolatey\bin;C:\Program Files\Git\cmd;C:\Program Files\Amazon\AWSCLIV2\;C:\Users\Emmanuela\scoop\shims;C:\Users\Emmanuela\AppData\Local\Microsoft\WindowsApps;C:\Users\Emmanuela\AppData\Local\Programs\Microsoft VS Code\bin;C:\Users\Emmanuela\AppData\Roaming\npm;C:\Users\Emmanuela\flutter\bin;C:\flutter\bin;C:\Users\Emmanuela\AppData\Local\Programs\Antigravity\bin;C:\Users\Emmanuela\AppData\Local\Microsoft\WinGet\Links;
USERNAME=Emmanuela
OS=Windows_NT
PROCESSOR_IDENTIFIER=Intel64 Family 6 Model 78 Stepping 3, GenuineIntel
TMP=C:\Users\EMMANU~1\AppData\Local\Temp
TEMP=C:\Users\EMMANU~1\AppData\Local\Temp




Periodic native trim disabled

JNI global refs:
JNI global refs: 27, weak refs: 45

JNI global refs memory usage: 835, weak refs: 833

Process memory usage:
Resident Set Size: 256784K (3% of 8266340K total physical memory with 371148K free physical memory)

OOME stack traces (most recent first):
Classloader memory used:
Loader org.eclipse.osgi.internal.loader.EquinoxClassLoader                             : 36530K
Loader bootstrap                                                                       : 27616K
Loader org.eclipse.equinox.launcher.Main$StartupClassLoader                            : 4275K
Loader lombok.launch.ShadowClassLoader                                                 : 751K
Loader jdk.internal.loader.ClassLoaders$PlatformClassLoader                            : 606K
Loader org.codehaus.plexus.classworlds.realm.ClassRealm                                : 304K
Loader jdk.internal.loader.ClassLoaders$AppClassLoader                                 : 190K
Loader lombok.launch.ShadowClassLoader                                                 : 160K
Loader org.eclipse.sisu.space.CloningClassSpace$CloningClassLoader                     : 44168B
Loader jdk.internal.reflect.DelegatingClassLoader                                      : 10464B

Classes loaded by more than one classloader:
Class lombok.core.DiagnosticsReceiver                                                 : loaded 2 times (x 70B)
Class [Lorg.objectweb.asm.Symbol;                                                     : loaded 2 times (x 69B)
Class org.objectweb.asm.ClassVisitor                                                  : loaded 2 times (x 88B)
Class org.objectweb.asm.MethodTooLargeException                                       : loaded 2 times (x 83B)
Class org.objectweb.asm.AnnotationVisitor                                             : loaded 2 times (x 78B)
Class org.objectweb.asm.ModuleVisitor                                                 : loaded 2 times (x 81B)
Class org.objectweb.asm.Handle                                                        : loaded 2 times (x 72B)
Class lombok.launch.PackageShader                                                     : loaded 2 times (x 74B)
Class org.objectweb.asm.FieldWriter                                                   : loaded 2 times (x 78B)
Class [Lorg.objectweb.asm.Attribute;                                                  : loaded 2 times (x 69B)
Class org.objectweb.asm.ClassWriter                                                   : loaded 2 times (x 106B)
Class org.objectweb.asm.FieldVisitor                                                  : loaded 2 times (x 77B)
Class org.objectweb.asm.SymbolTable$Entry                                             : loaded 2 times (x 74B)
Class lombok.launch.ShadowClassLoader                                                 : loaded 2 times (x 105B)
Class lombok.core.LombokNode                                                          : loaded 2 times (x 110B)
Class [Lorg.objectweb.asm.SymbolTable$Entry;                                          : loaded 2 times (x 69B)
Class org.objectweb.asm.RecordComponentVisitor                                        : loaded 2 times (x 77B)
Class org.objectweb.asm.Type                                                          : loaded 2 times (x 72B)
Class org.objectweb.asm.ByteVector                                                    : loaded 2 times (x 79B)
Class org.objectweb.asm.Symbol                                                        : loaded 2 times (x 73B)
Class org.objectweb.asm.AnnotationWriter                                              : loaded 2 times (x 79B)
Class org.objectweb.asm.RecordComponentWriter                                         : loaded 2 times (x 78B)
Class [Lorg.objectweb.asm.Label;                                                      : loaded 2 times (x 69B)
Class org.objectweb.asm.Attribute                                                     : loaded 2 times (x 77B)
Class org.objectweb.asm.Handler                                                       : loaded 2 times (x 72B)
Class lombok.launch.ClassFileMetaData                                                 : loaded 2 times (x 87B)
Class org.objectweb.asm.SymbolTable                                                   : loaded 2 times (x 72B)
Class org.objectweb.asm.MethodWriter                                                  : loaded 2 times (x 106B)
Class org.objectweb.asm.Label                                                         : loaded 2 times (x 73B)
Class org.objectweb.asm.CurrentFrame                                                  : loaded 2 times (x 73B)
Class org.objectweb.asm.ClassTooLargeException                                        : loaded 2 times (x 83B)
Class org.objectweb.asm.Frame                                                         : loaded 2 times (x 73B)
Class org.objectweb.asm.MethodVisitor                                                 : loaded 2 times (x 105B)
Class org.objectweb.asm.ModuleWriter                                                  : loaded 2 times (x 82B)
Class org.objectweb.asm.ClassReader                                                   : loaded 2 times (x 94B)
Class lombok.launch.PatchFixesHider$Util                                              : loaded 2 times (x 71B)
Class org.objectweb.asm.Context                                                       : loaded 2 times (x 72B)

---------------  S Y S T E M  ---------------

OS:
 Windows 11 , 64 bit Build 22000 (10.0.22000.2538)
OS uptime: 3 days 22:28 hours

CPU: total 4 (initial active 4) (2 cores per cpu, 2 threads per core) family 6 model 78 stepping 3 microcode 0xd6, cx8, cmov, fxsr, ht, mmx, 3dnowpref, sse, sse2, sse3, ssse3, sse4.1, sse4.2, popcnt, lzcnt, tsc, tscinvbit, avx, avx2, aes, erms, clmul, bmi1, bmi2, adx, fma, vzeroupper, clflush, clflushopt, rdtscp, f16c
Processor Information for the first 4 processors :
  Max Mhz: 2400, Current Mhz: 2300, Mhz Limit: 2280

Memory: 4k page, system-wide physical 8072M (362M free)
TotalPageFile size 32648M (AvailPageFile size 5M)
current process WorkingSet (physical memory assigned to process): 250M, peak: 256M
current process commit charge ("private bytes"): 337M, peak: 360M

vm_info: OpenJDK 64-Bit Server VM (21.0.8+-14018985-b1038.68) for windows-amd64 JRE (21.0.8+-14018985-b1038.68), built on 2025-08-29T19:56:34Z by "builder" with MS VC++ 16.10 / 16.11 (VS2019)

END.
